<?xml version="1.0" encoding="UTF-8"?>
<coverage generated="1632994169184" clover="3.2.0">
  <project timestamp="1632994169184" name="All files">
    <metrics statements="16" coveredstatements="11" conditionals="2" coveredconditionals="1" methods="2" coveredmethods="1" elements="20" coveredelements="13" complexity="0" loc="16" ncloc="16" packages="2" files="3" classes="3"/>
    <package name="talawa-api">
      <metrics statements="4" coveredstatements="4" conditionals="2" coveredconditionals="1" methods="0" coveredmethods="0"/>
      <file name="constants.js" path="C:\Users\muska\Desktop\talawa-api\constants.js">
        <metrics statements="4" coveredstatements="4" conditionals="2" coveredconditionals="1" methods="0" coveredmethods="0"/>
        <line num="1" count="10" type="stmt"/>
        <line num="3" count="10" type="cond" truecount="1" falsecount="1"/>
        <line num="4" count="10" type="stmt"/>
        <line num="7" count="10" type="stmt"/>
      </file>
    </package>
    <package name="talawa-api.tests.functions">
      <metrics statements="12" coveredstatements="7" conditionals="0" coveredconditionals="0" methods="2" coveredmethods="1"/>
      <file name="getToken.js" path="C:\Users\muska\Desktop\talawa-api\tests\functions\getToken.js">
        <metrics statements="6" coveredstatements="4" conditionals="0" coveredconditionals="0" methods="1" coveredmethods="1"/>
        <line num="1" count="7" type="stmt"/>
        <line num="3" count="7" type="stmt"/>
        <line num="6" count="7" type="stmt"/>
        <line num="7" count="7" type="stmt"/>
        <line num="24" count="0" type="stmt"/>
        <line num="25" count="0" type="stmt"/>
      </file>
      <file name="getUserId.js" path="C:\Users\muska\Desktop\talawa-api\tests\functions\getUserId.js">
        <metrics statements="6" coveredstatements="3" conditionals="0" coveredconditionals="0" methods="1" coveredmethods="0"/>
        <line num="1" count="1" type="stmt"/>
        <line num="3" count="1" type="stmt"/>
        <line num="5" count="1" type="stmt"/>
        <line num="6" count="0" type="stmt"/>
        <line num="23" count="0" type="stmt"/>
        <line num="24" count="0" type="stmt"/>
      </file>
    </package>
  </project>
</coverage>
