{"C:\\Users\\muska\\Desktop\\talawa-api\\constants.js": {"path":"C:\\Users\\muska\\Desktop\\talawa-api\\constants.js","statementMap":{"0":{"start":{"line":1,"column":10},"end":{"line":1,"column":55}},"1":{"start":{"line":3,"column":0},"end":{"line":5,"column":1}},"2":{"start":{"line":4,"column":2},"end":{"line":4,"column":40}},"3":{"start":{"line":7,"column":0},"end":{"line":7,"column":25}}},"fnMap":{},"branchMap":{"0":{"loc":{"start":{"line":3,"column":0},"end":{"line":5,"column":1}},"type":"if","locations":[{"start":{"line":3,"column":0},"end":{"line":5,"column":1}},{"start":{"line":3,"column":0},"end":{"line":5,"column":1}}],"line":3}},"s":{"0":10,"1":10,"2":10,"3":10},"f":{},"b":{"0":[10,0]},"_coverageSchema":"1a1c01bbd47fc00a2c39e90264f33305004495a9","hash":"1e8413ffc4bcb09e1c19c5561c8600be48e789e9"}
,"C:\\Users\\muska\\Desktop\\talawa-api\\tests\\functions\\getToken.js": {"path":"C:\\Users\\muska\\Desktop\\talawa-api\\tests\\functions\\getToken.js","statementMap":{"0":{"start":{"line":1,"column":14},"end":{"line":1,"column":30}},"1":{"start":{"line":3,"column":16},"end":{"line":3,"column":42}},"2":{"start":{"line":6,"column":0},"end":{"line":26,"column":2}},"3":{"start":{"line":7,"column":19},"end":{"line":22,"column":4}},"4":{"start":{"line":24,"column":19},"end":{"line":24,"column":27}},"5":{"start":{"line":25,"column":2},"end":{"line":25,"column":37}}},"fnMap":{"0":{"name":"(anonymous_0)","decl":{"start":{"line":6,"column":17},"end":{"line":6,"column":18}},"loc":{"start":{"line":6,"column":29},"end":{"line":26,"column":1}},"line":6}},"branchMap":{},"s":{"0":7,"1":7,"2":7,"3":7,"4":0,"5":0},"f":{"0":7},"b":{},"_coverageSchema":"1a1c01bbd47fc00a2c39e90264f33305004495a9","hash":"6316f53ce685bb521fdee69f9c047897a96aa1f3"}
,"C:\\Users\\muska\\Desktop\\talawa-api\\tests\\functions\\getUserId.js": {"path":"C:\\Users\\muska\\Desktop\\talawa-api\\tests\\functions\\getUserId.js","statementMap":{"0":{"start":{"line":1,"column":14},"end":{"line":1,"column":30}},"1":{"start":{"line":3,"column":16},"end":{"line":3,"column":42}},"2":{"start":{"line":5,"column":0},"end":{"line":25,"column":2}},"3":{"start":{"line":6,"column":19},"end":{"line":21,"column":4}},"4":{"start":{"line":23,"column":19},"end":{"line":23,"column":27}},"5":{"start":{"line":24,"column":2},"end":{"line":24,"column":34}}},"fnMap":{"0":{"name":"(anonymous_0)","decl":{"start":{"line":5,"column":17},"end":{"line":5,"column":18}},"loc":{"start":{"line":5,"column":29},"end":{"line":25,"column":1}},"line":5}},"branchMap":{},"s":{"0":1,"1":1,"2":1,"3":0,"4":0,"5":0},"f":{"0":0},"b":{},"_coverageSchema":"1a1c01bbd47fc00a2c39e90264f33305004495a9","hash":"f427ce1480a40594f26faa381e93632c1da13dc5"}
}
